[debug] [2020-11-06T14:31:10.842Z] ----------------------------------------------------------------------
[debug] [2020-11-06T14:31:10.844Z] Command:       C:\Program Files\nodejs\node.exe C:\Users\Aldrin Samson\AppData\Roaming\npm\node_modules\firebase-tools\lib\bin\firebase.js serve
[debug] [2020-11-06T14:31:10.844Z] CLI Version:   8.14.1
[debug] [2020-11-06T14:31:10.844Z] Platform:      win32
[debug] [2020-11-06T14:31:10.844Z] Node Version:  v12.16.3
[debug] [2020-11-06T14:31:10.845Z] Time:          Fri Nov 06 2020 22:31:10 GMT+0800 (Singapore Standard Time)
[debug] [2020-11-06T14:31:10.845Z] ----------------------------------------------------------------------
[debug] [2020-11-06T14:31:10.845Z] 
[debug] [2020-11-06T14:31:10.851Z] > command requires scopes: ["email","openid","https://www.googleapis.com/auth/cloudplatformprojects.readonly","https://www.googleapis.com/auth/firebase","https://www.googleapis.com/auth/cloud-platform"]
[debug] [2020-11-06T14:31:10.852Z] > authorizing via signed-in user
[debug] [2020-11-06T14:31:10.852Z] [iam] checking project imsrf-dev for permissions ["firebase.projects.get"]
[debug] [2020-11-06T14:31:10.854Z] >>> HTTP REQUEST POST https://cloudresourcemanager.googleapis.com/v1/projects/imsrf-dev:testIamPermissions  
 {"permissions":["firebase.projects.get"]}
[debug] [2020-11-06T14:31:11.997Z] <<< HTTP RESPONSE 200 {"content-type":"application/json; charset=UTF-8","vary":"X-Origin, Referer, Origin,Accept-Encoding","date":"Fri, 06 Nov 2020 14:31:12 GMT","server":"ESF","cache-control":"private","x-xss-protection":"0","x-frame-options":"SAMEORIGIN","x-content-type-options":"nosniff","server-timing":"gfet4t7; dur=931","alt-svc":"h3-Q050=\":443\"; ma=2592000,h3-29=\":443\"; ma=2592000,h3-T051=\":443\"; ma=2592000,h3-T050=\":443\"; ma=2592000,h3-Q046=\":443\"; ma=2592000,h3-Q043=\":443\"; ma=2592000,quic=\":443\"; ma=2592000; v=\"46,43\"","accept-ranges":"none","transfer-encoding":"chunked"}
[debug] [2020-11-06T14:31:11.999Z] >>> HTTP REQUEST GET https://firebase.googleapis.com/v1beta1/projects/imsrf-dev  
 
[debug] [2020-11-06T14:31:12.757Z] <<< HTTP RESPONSE 200 {"content-type":"application/json; charset=UTF-8","vary":"X-Origin, Referer, Origin,Accept-Encoding","date":"Fri, 06 Nov 2020 14:31:13 GMT","server":"ESF","cache-control":"private","x-xss-protection":"0","x-frame-options":"SAMEORIGIN","x-content-type-options":"nosniff","alt-svc":"h3-Q050=\":443\"; ma=2592000,h3-29=\":443\"; ma=2592000,h3-T051=\":443\"; ma=2592000,h3-T050=\":443\"; ma=2592000,h3-Q046=\":443\"; ma=2592000,h3-Q043=\":443\"; ma=2592000,quic=\":443\"; ma=2592000; v=\"46,43\"","accept-ranges":"none","transfer-encoding":"chunked"}
[info] 
[info] === Serving from 'C:\Workspace\IMSRF'...
[info] 
[debug] [2020-11-06T14:31:12.761Z] >>> HTTP REQUEST GET https://firebase.googleapis.com/v1beta1/projects/imsrf-dev/webApps/-/config  
 
[debug] [2020-11-06T14:31:14.263Z] <<< HTTP RESPONSE 200 {"content-type":"application/json; charset=UTF-8","vary":"X-Origin, Referer, Origin,Accept-Encoding","date":"Fri, 06 Nov 2020 14:31:14 GMT","server":"ESF","cache-control":"private","x-xss-protection":"0","x-frame-options":"SAMEORIGIN","x-content-type-options":"nosniff","alt-svc":"h3-Q050=\":443\"; ma=2592000,h3-29=\":443\"; ma=2592000,h3-T051=\":443\"; ma=2592000,h3-T050=\":443\"; ma=2592000,h3-Q046=\":443\"; ma=2592000,h3-Q043=\":443\"; ma=2592000,quic=\":443\"; ma=2592000; v=\"46,43\"","accept-ranges":"none","transfer-encoding":"chunked"}
[info] i  hosting: Serving hosting files from: public {"metadata":{"emulator":{"name":"hosting"},"message":"Serving hosting files from: \u001b[1mpublic\u001b[22m"}}
[info] +  hosting: Local server: http://localhost:5000 {"metadata":{"emulator":{"name":"hosting"},"message":"Local server: \u001b[4m\u001b[1mhttp://localhost:5000\u001b[22m\u001b[24m"}}
[info] +  functions: Using node@12 from host. {"metadata":{"emulator":{"name":"functions"},"message":"Using node@12 from host."}}
[debug] [2020-11-06T14:31:14.787Z] defaultcredentials: writing to file C:\Users\Aldrin Samson\AppData\Roaming\firebase\imsrf_dev_gmail.com_application_default_credentials.json
[debug] [2020-11-06T14:31:14.788Z] Setting GAC to C:\Users\Aldrin Samson\AppData\Roaming\firebase\imsrf_dev_gmail.com_application_default_credentials.json {"metadata":{"emulator":{"name":"functions"},"message":"Setting GAC to C:\\Users\\Aldrin Samson\\AppData\\Roaming\\firebase\\imsrf_dev_gmail.com_application_default_credentials.json"}}
[info] i  functions: Watching "C:\Workspace\IMSRF\functions" for Cloud Functions... {"metadata":{"emulator":{"name":"functions"},"message":"Watching \"C:\\Workspace\\IMSRF\\functions\" for Cloud Functions..."}}
[debug] [2020-11-06T14:31:15.077Z] [worker-pool] addWorker(~diagnostic~) {"metadata":{"emulator":{"name":"functions"},"message":"[worker-pool] addWorker(~diagnostic~)"}}
[debug] [2020-11-06T14:31:15.077Z] [worker-pool] Adding worker with key ~diagnostic~, total=1 {"metadata":{"emulator":{"name":"functions"},"message":"[worker-pool] Adding worker with key ~diagnostic~, total=1"}}
[debug] [2020-11-06T14:31:15.077Z] [worker-pool] submitWork(triggerId=) {"metadata":{"emulator":{"name":"functions"},"message":"[worker-pool] submitWork(triggerId=)"}}
[debug] [2020-11-06T14:31:15.078Z] [worker-~diagnostic~-0f664dfc-4031-433a-b58e-90c9ae3efa15]: Assigning socketPath: \\?\pipe\C:\Workspace\IMSRF\functions\14620 {"metadata":{"emulator":{"name":"functions"},"message":"[worker-~diagnostic~-0f664dfc-4031-433a-b58e-90c9ae3efa15]: Assigning socketPath: \\\\?\\pipe\\C:\\Workspace\\IMSRF\\functions\\14620"}}
[debug] [2020-11-06T14:31:15.078Z] [worker-~diagnostic~-0f664dfc-4031-433a-b58e-90c9ae3efa15]: BUSY {"metadata":{"emulator":{"name":"functions"},"message":"[worker-~diagnostic~-0f664dfc-4031-433a-b58e-90c9ae3efa15]: BUSY"}}
[debug] [2020-11-06T14:31:15.433Z] [runtime-status] [14620] Functions runtime initialized. {"cwd":"C:\\Workspace\\IMSRF\\functions","node_version":"12.16.3"} {"metadata":{"emulator":{"name":"functions"},"message":"[runtime-status] [14620] Functions runtime initialized. {\"cwd\":\"C:\\\\Workspace\\\\IMSRF\\\\functions\",\"node_version\":\"12.16.3\"}"}}
[debug] [2020-11-06T14:31:15.435Z] [runtime-status] [14620] Disabled runtime features: undefined {"metadata":{"emulator":{"name":"functions"},"message":"[runtime-status] [14620] Disabled runtime features: undefined"}}
[debug] [2020-11-06T14:31:15.438Z] [runtime-status] [14620] Resolved module firebase-admin {"declared":true,"installed":true,"version":"9.3.0","resolution":"C:\\Workspace\\IMSRF\\functions\\node_modules\\firebase-admin\\lib\\index.js"} {"metadata":{"emulator":{"name":"functions"},"message":"[runtime-status] [14620] Resolved module firebase-admin {\"declared\":true,\"installed\":true,\"version\":\"9.3.0\",\"resolution\":\"C:\\\\Workspace\\\\IMSRF\\\\functions\\\\node_modules\\\\firebase-admin\\\\lib\\\\index.js\"}"}}
[debug] [2020-11-06T14:31:15.441Z] [runtime-status] [14620] Resolved module firebase-functions {"declared":true,"installed":true,"version":"3.11.0","resolution":"C:\\Workspace\\IMSRF\\functions\\node_modules\\firebase-functions\\lib\\index.js"} {"metadata":{"emulator":{"name":"functions"},"message":"[runtime-status] [14620] Resolved module firebase-functions {\"declared\":true,\"installed\":true,\"version\":\"3.11.0\",\"resolution\":\"C:\\\\Workspace\\\\IMSRF\\\\functions\\\\node_modules\\\\firebase-functions\\\\lib\\\\index.js\"}"}}
[debug] [2020-11-06T14:31:15.442Z] [runtime-status] [14620] Resolved module firebase-functions {"declared":true,"installed":true,"version":"3.11.0","resolution":"C:\\Workspace\\IMSRF\\functions\\node_modules\\firebase-functions\\lib\\index.js"} {"metadata":{"emulator":{"name":"functions"},"message":"[runtime-status] [14620] Resolved module firebase-functions {\"declared\":true,\"installed\":true,\"version\":\"3.11.0\",\"resolution\":\"C:\\\\Workspace\\\\IMSRF\\\\functions\\\\node_modules\\\\firebase-functions\\\\lib\\\\index.js\"}"}}
[debug] [2020-11-06T14:31:15.443Z] [runtime-status] [14620] Outgoing network have been stubbed. [{"name":"http","status":"mocked"},{"name":"http","status":"mocked"},{"name":"https","status":"mocked"},{"name":"https","status":"mocked"},{"name":"net","status":"mocked"}] {"metadata":{"emulator":{"name":"functions"},"message":"[runtime-status] [14620] Outgoing network have been stubbed. [{\"name\":\"http\",\"status\":\"mocked\"},{\"name\":\"http\",\"status\":\"mocked\"},{\"name\":\"https\",\"status\":\"mocked\"},{\"name\":\"https\",\"status\":\"mocked\"},{\"name\":\"net\",\"status\":\"mocked\"}]"}}
[debug] [2020-11-06T14:31:15.444Z] [runtime-status] [14620] Resolved module firebase-functions {"declared":true,"installed":true,"version":"3.11.0","resolution":"C:\\Workspace\\IMSRF\\functions\\node_modules\\firebase-functions\\lib\\index.js"} {"metadata":{"emulator":{"name":"functions"},"message":"[runtime-status] [14620] Resolved module firebase-functions {\"declared\":true,\"installed\":true,\"version\":\"3.11.0\",\"resolution\":\"C:\\\\Workspace\\\\IMSRF\\\\functions\\\\node_modules\\\\firebase-functions\\\\lib\\\\index.js\"}"}}
[debug] [2020-11-06T14:31:15.505Z] [runtime-status] [14620] Checked functions.config() {"config":{}} {"metadata":{"emulator":{"name":"functions"},"message":"[runtime-status] [14620] Checked functions.config() {\"config\":{}}"}}
[debug] [2020-11-06T14:31:15.506Z] [runtime-status] [14620] firebase-functions has been stubbed. {"functionsResolution":{"declared":true,"installed":true,"version":"3.11.0","resolution":"C:\\Workspace\\IMSRF\\functions\\node_modules\\firebase-functions\\lib\\index.js"}} {"metadata":{"emulator":{"name":"functions"},"message":"[runtime-status] [14620] firebase-functions has been stubbed. {\"functionsResolution\":{\"declared\":true,\"installed\":true,\"version\":\"3.11.0\",\"resolution\":\"C:\\\\Workspace\\\\IMSRF\\\\functions\\\\node_modules\\\\firebase-functions\\\\lib\\\\index.js\"}}"}}
[debug] [2020-11-06T14:31:15.506Z] [runtime-status] [14620] Resolved module firebase-functions {"declared":true,"installed":true,"version":"3.11.0","resolution":"C:\\Workspace\\IMSRF\\functions\\node_modules\\firebase-functions\\lib\\index.js"} {"metadata":{"emulator":{"name":"functions"},"message":"[runtime-status] [14620] Resolved module firebase-functions {\"declared\":true,\"installed\":true,\"version\":\"3.11.0\",\"resolution\":\"C:\\\\Workspace\\\\IMSRF\\\\functions\\\\node_modules\\\\firebase-functions\\\\lib\\\\index.js\"}"}}
[debug] [2020-11-06T14:31:15.507Z] [runtime-status] [14620] Resolved module firebase-admin {"declared":true,"installed":true,"version":"9.3.0","resolution":"C:\\Workspace\\IMSRF\\functions\\node_modules\\firebase-admin\\lib\\index.js"} {"metadata":{"emulator":{"name":"functions"},"message":"[runtime-status] [14620] Resolved module firebase-admin {\"declared\":true,\"installed\":true,\"version\":\"9.3.0\",\"resolution\":\"C:\\\\Workspace\\\\IMSRF\\\\functions\\\\node_modules\\\\firebase-admin\\\\lib\\\\index.js\"}"}}
[debug] [2020-11-06T14:31:15.507Z] [runtime-status] [14620] Resolved module firebase-functions {"declared":true,"installed":true,"version":"3.11.0","resolution":"C:\\Workspace\\IMSRF\\functions\\node_modules\\firebase-functions\\lib\\index.js"} {"metadata":{"emulator":{"name":"functions"},"message":"[runtime-status] [14620] Resolved module firebase-functions {\"declared\":true,\"installed\":true,\"version\":\"3.11.0\",\"resolution\":\"C:\\\\Workspace\\\\IMSRF\\\\functions\\\\node_modules\\\\firebase-functions\\\\lib\\\\index.js\"}"}}
[debug] [2020-11-06T14:31:15.508Z] [runtime-status] [14620] firebase-admin has been stubbed. {"adminResolution":{"declared":true,"installed":true,"version":"9.3.0","resolution":"C:\\Workspace\\IMSRF\\functions\\node_modules\\firebase-admin\\lib\\index.js"}} {"metadata":{"emulator":{"name":"functions"},"message":"[runtime-status] [14620] firebase-admin has been stubbed. {\"adminResolution\":{\"declared\":true,\"installed\":true,\"version\":\"9.3.0\",\"resolution\":\"C:\\\\Workspace\\\\IMSRF\\\\functions\\\\node_modules\\\\firebase-admin\\\\lib\\\\index.js\"}}"}}
[warn] !  Error: Cannot find module 'C:\Workspace\IMSRF\functions\lib\index.js'. Please verify that the package.json has a valid "main" entry
    at tryPackage (internal/modules/cjs/loader.js:323:19)
    at Function.Module._findPath (internal/modules/cjs/loader.js:681:18)
    at Function.Module._resolveFilename (internal/modules/cjs/loader.js:944:27)
    at Function.Module._load (internal/modules/cjs/loader.js:840:27)
    at Module.require (internal/modules/cjs/loader.js:1019:19)
    at require (internal/modules/cjs/helpers.js:77:18)
    at C:\Users\Aldrin Samson\AppData\Roaming\npm\node_modules\firebase-tools\lib\emulator\functionsEmulatorRuntime.js:699:33
    at Generator.next (<anonymous>)
    at fulfilled (C:\Users\Aldrin Samson\AppData\Roaming\npm\node_modules\firebase-tools\lib\emulator\functionsEmulatorRuntime.js:5:58)
    at processTicksAndRejections (internal/process/task_queues.js:97:5) {"metadata":{"emulator":{"name":"functions"},"message":"Error: Cannot find module 'C:\\Workspace\\IMSRF\\functions\\lib\\index.js'. Please verify that the package.json has a valid \"main\" entry\n    at tryPackage (internal/modules/cjs/loader.js:323:19)\n    at Function.Module._findPath (internal/modules/cjs/loader.js:681:18)\n    at Function.Module._resolveFilename (internal/modules/cjs/loader.js:944:27)\n    at Function.Module._load (internal/modules/cjs/loader.js:840:27)\n    at Module.require (internal/modules/cjs/loader.js:1019:19)\n    at require (internal/modules/cjs/helpers.js:77:18)\n    at C:\\Users\\Aldrin Samson\\AppData\\Roaming\\npm\\node_modules\\firebase-tools\\lib\\emulator\\functionsEmulatorRuntime.js:699:33\n    at Generator.next (<anonymous>)\n    at fulfilled (C:\\Users\\Aldrin Samson\\AppData\\Roaming\\npm\\node_modules\\firebase-tools\\lib\\emulator\\functionsEmulatorRuntime.js:5:58)\n    at processTicksAndRejections (internal/process/task_queues.js:97:5)"}}
[warn] !  We were unable to load your functions code. (see above)
   - It appears your code is written in Typescript, which must be compiled before emulation.
   - You may be able to run "npm run build" in your functions directory to resolve this. {"metadata":{"emulator":{"name":"functions"}}}
[debug] [2020-11-06T14:31:15.540Z] [worker-~diagnostic~-0f664dfc-4031-433a-b58e-90c9ae3efa15]: exited {"metadata":{"emulator":{"name":"functions"},"message":"[worker-~diagnostic~-0f664dfc-4031-433a-b58e-90c9ae3efa15]: exited"}}
[debug] [2020-11-06T14:31:15.540Z] [worker-~diagnostic~-0f664dfc-4031-433a-b58e-90c9ae3efa15]: FINISHED {"metadata":{"emulator":{"name":"functions"},"message":"[worker-~diagnostic~-0f664dfc-4031-433a-b58e-90c9ae3efa15]: FINISHED"}}
